<?xml version="1.0" encoding="UTF-8"?>
<!-- Generated by org.testng.reporters.JUnitXMLReporter -->
<testsuite hostname="AVE-LAP-329" ignored="0" name="Default test" tests="2" failures="0" timestamp="2021-03-12T21:17:26 EET" time="17.876" errors="0">
  <testcase name="UserCanRegisterSuccssfully" time="11.012" classname="tests.UserRegistrationWithDDTAndDataProvider"/>
  <testcase name="UserCanRegisterSuccssfully" time="6.828" classname="tests.UserRegistrationWithDDTAndDataProvider"/>
</testsuite> <!-- Default test -->
