<?xml version="1.0" encoding="UTF-8"?>
<!-- Generated by org.testng.reporters.JUnitXMLReporter -->
<testsuite hostname="AVE-LAP-329" ignored="0" name="Regression Test" tests="2" failures="0" timestamp="2021-03-15T17:30:12 EET" time="16.673" errors="0">
  <testcase name="UserCanRegisterSuccssfully" time="9.662" classname="tests.UserRegistrationWithDDTAndDataProvider"/>
  <testcase name="UserCanRegisterSuccssfully" time="6.978" classname="tests.UserRegistrationWithDDTAndDataProvider"/>
</testsuite> <!-- Regression Test -->
