<?xml version="1.0" encoding="UTF-8"?>
<!-- Generated by org.testng.reporters.JUnitXMLReporter -->
<testsuite hostname="AVE-LAP-329" ignored="0" name="Chrome Regression Test" tests="3" failures="0" timestamp="2021-03-17T23:53:32 EET" time="48.682" errors="0">
  <testcase name="UserCanRegisterSuccssfully" time="18.09" classname="tests.UserRegistrationParallelTesting"/>
  <testcase name="RegisteredUserCanLogout" time="2.855" classname="tests.UserRegistrationParallelTesting"/>
  <testcase name="RegisteredUserCanLogin" time="12.625" classname="tests.UserRegistrationParallelTesting"/>
</testsuite> <!-- Chrome Regression Test -->
