<?xml version="1.0" encoding="UTF-8"?>
<!-- Generated by org.testng.reporters.JUnitXMLReporter -->
<testsuite hostname="AVE-LAP-329" ignored="0" name="Firefox Regression Test" tests="3" failures="0" timestamp="2021-03-17T23:53:40 EET" time="56.617" errors="0">
  <testcase name="UserCanRegisterSuccssfully" time="21.325" classname="tests.UserRegistrationParallelTesting"/>
  <testcase name="RegisteredUserCanLogout" time="2.257" classname="tests.UserRegistrationParallelTesting"/>
  <testcase name="RegisteredUserCanLogin" time="7.207" classname="tests.UserRegistrationParallelTesting"/>
</testsuite> <!-- Firefox Regression Test -->
