<?xml version="1.0" encoding="UTF-8"?>
<!-- Generated by org.testng.reporters.JUnitXMLReporter -->
<testsuite hostname="AVE-LAP-329" ignored="0" name="Regression Test" tests="2" failures="0" timestamp="2021-03-17T13:26:22 EET" time="22.379" errors="0">
  <testcase name="UserCanRegisterSuccssfully" time="12.789" classname="tests.UserRegistrationWithDDTAndDataProvider"/>
  <testcase name="UserCanRegisterSuccssfully" time="9.551" classname="tests.UserRegistrationWithDDTAndDataProvider"/>
</testsuite> <!-- Regression Test -->
