<?xml version="1.0" encoding="UTF-8"?>
<testsuite xmlns:xsi="http://www.w3.org/2001/XMLSchema-instance" xsi:noNamespaceSchemaLocation="https://maven.apache.org/surefire/maven-surefire-plugin/xsd/surefire-test-report-3.0.xsd" version="3.0" name="TestSuite" time="33.769" tests="6" errors="0" skipped="0" failures="0">
  <properties>
[...]
</properties>
  <testcase name="UserCanRegisterSuccssfully" classname="tests.UserRegistrationParallelTesting" time="6.341">
    <system-out><![CDATA[The Userr Data is : Emelia Zulauf josefa.prosacco@yahoo.com 10802325
]]></system-out>
    <system-err><![CDATA[Mar 18, 2021 10:39:23 PM org.openqa.selenium.remote.ProtocolHandshake createSession
INFO: Detected dialect: W3C
Mar 18, 2021 10:39:29 PM org.openqa.selenium.remote.ProtocolHandshake createSession
INFO: Detected dialect: W3C
]]></system-err>
  </testcase>
  <testcase name="UserCanRegisterSuccssfully" classname="tests.UserRegistrationParallelTesting" time="1.146">
    <system-out><![CDATA[The Userr Data is : Gene O'Keefe kris.johns@hotmail.com 52421120
]]></system-out>
  </testcase>
  <testcase name="RegisteredUserCanLogout" classname="tests.UserRegistrationParallelTesting" time="1.402"/>
  <testcase name="RegisteredUserCanLogout" classname="tests.UserRegistrationParallelTesting" time="1.394"/>
  <testcase name="RegisteredUserCanLogin" classname="tests.UserRegistrationParallelTesting" time="3.922"/>
  <testcase name="RegisteredUserCanLogin" classname="tests.UserRegistrationParallelTesting" time="4.733"/>
</testsuite>