<?xml version="1.0" encoding="UTF-8"?>
<testng-results skipped="0" failed="0" ignored="0" total="6" passed="6">
  <reporter-output>
  </reporter-output>
  <suite name="Regression Suite" duration-ms="31883" started-at="2021-03-18T22:39:15 EET" finished-at="2021-03-18T22:39:47 EET">
    <groups>
    </groups>
    <test name="Chrome Regression Test" duration-ms="31110" started-at="2021-03-18T22:39:15 EET" finished-at="2021-03-18T22:39:46 EET">
      <class name="tests.UserRegistrationParallelTesting">
        <test-method status="PASS" signature="setUp(java.lang.String, java.lang.String, java.lang.String)[pri:0, instance:tests.UserRegistrationParallelTesting@7f7f544a]" name="setUp" is-config="true" duration-ms="11224" started-at="2021-03-18T22:39:15 EET" finished-at="2021-03-18T22:39:26 EET">
          <params>
            <param index="0">
              <value>
                <![CDATA[Windows 10]]>
              </value>
            </param>
            <param index="1">
              <value>
                <![CDATA[chrome]]>
              </value>
            </param>
            <param index="2">
              <value>
                <![CDATA[89.0]]>
              </value>
            </param>
          </params>
          <reporter-output>
          </reporter-output>
        </test-method> <!-- setUp -->
        <test-method status="PASS" signature="UserCanRegisterSuccssfully()[pri:1, instance:tests.UserRegistrationParallelTesting@7f7f544a]" name="UserCanRegisterSuccssfully" duration-ms="11545" started-at="2021-03-18T22:39:26 EET" finished-at="2021-03-18T22:39:38 EET">
          <reporter-output>
          </reporter-output>
        </test-method> <!-- UserCanRegisterSuccssfully -->
        <test-method status="PASS" signature="RegisteredUserCanLogout()[pri:0, instance:tests.UserRegistrationParallelTesting@7f7f544a]" name="RegisteredUserCanLogout" duration-ms="1405" started-at="2021-03-18T22:39:38 EET" depends-on-methods="tests.UserRegistrationParallelTesting.UserCanRegisterSuccssfully" finished-at="2021-03-18T22:39:39 EET">
          <reporter-output>
          </reporter-output>
        </test-method> <!-- RegisteredUserCanLogout -->
        <test-method status="PASS" signature="RegisteredUserCanLogin()[pri:0, instance:tests.UserRegistrationParallelTesting@7f7f544a]" name="RegisteredUserCanLogin" duration-ms="6463" started-at="2021-03-18T22:39:39 EET" depends-on-methods="tests.UserRegistrationParallelTesting.RegisteredUserCanLogout" finished-at="2021-03-18T22:39:46 EET">
          <reporter-output>
          </reporter-output>
        </test-method> <!-- RegisteredUserCanLogin -->
        <test-method status="PASS" signature="stopDriver()[pri:0, instance:tests.UserRegistrationParallelTesting@7f7f544a]" name="stopDriver" is-config="true" duration-ms="431" started-at="2021-03-18T22:39:46 EET" finished-at="2021-03-18T22:39:46 EET">
          <reporter-output>
          </reporter-output>
        </test-method> <!-- stopDriver -->
      </class> <!-- tests.UserRegistrationParallelTesting -->
    </test> <!-- Chrome Regression Test -->
    <test name="Firefox Regression Test" duration-ms="31882" started-at="2021-03-18T22:39:15 EET" finished-at="2021-03-18T22:39:47 EET">
      <class name="tests.UserRegistrationParallelTesting">
        <test-method status="PASS" signature="setUp(java.lang.String, java.lang.String, java.lang.String)[pri:0, instance:tests.UserRegistrationParallelTesting@10da7696]" name="setUp" is-config="true" duration-ms="16443" started-at="2021-03-18T22:39:15 EET" finished-at="2021-03-18T22:39:31 EET">
          <params>
            <param index="0">
              <value>
                <![CDATA[Windows 10]]>
              </value>
            </param>
            <param index="1">
              <value>
                <![CDATA[firefox]]>
              </value>
            </param>
            <param index="2">
              <value>
                <![CDATA[86.0]]>
              </value>
            </param>
          </params>
          <reporter-output>
          </reporter-output>
        </test-method> <!-- setUp -->
        <test-method status="PASS" signature="UserCanRegisterSuccssfully()[pri:1, instance:tests.UserRegistrationParallelTesting@10da7696]" name="UserCanRegisterSuccssfully" duration-ms="8876" started-at="2021-03-18T22:39:31 EET" finished-at="2021-03-18T22:39:40 EET">
          <reporter-output>
          </reporter-output>
        </test-method> <!-- UserCanRegisterSuccssfully -->
        <test-method status="PASS" signature="RegisteredUserCanLogout()[pri:0, instance:tests.UserRegistrationParallelTesting@10da7696]" name="RegisteredUserCanLogout" duration-ms="1409" started-at="2021-03-18T22:39:40 EET" depends-on-methods="tests.UserRegistrationParallelTesting.UserCanRegisterSuccssfully" finished-at="2021-03-18T22:39:42 EET">
          <reporter-output>
          </reporter-output>
        </test-method> <!-- RegisteredUserCanLogout -->
        <test-method status="PASS" signature="RegisteredUserCanLogin()[pri:0, instance:tests.UserRegistrationParallelTesting@10da7696]" name="RegisteredUserCanLogin" duration-ms="4732" started-at="2021-03-18T22:39:42 EET" depends-on-methods="tests.UserRegistrationParallelTesting.RegisteredUserCanLogout" finished-at="2021-03-18T22:39:46 EET">
          <reporter-output>
          </reporter-output>
        </test-method> <!-- RegisteredUserCanLogin -->
        <test-method status="PASS" signature="stopDriver()[pri:0, instance:tests.UserRegistrationParallelTesting@10da7696]" name="stopDriver" is-config="true" duration-ms="394" started-at="2021-03-18T22:39:46 EET" finished-at="2021-03-18T22:39:47 EET">
          <reporter-output>
          </reporter-output>
        </test-method> <!-- stopDriver -->
      </class> <!-- tests.UserRegistrationParallelTesting -->
    </test> <!-- Firefox Regression Test -->
  </suite> <!-- Regression Suite -->
</testng-results>
