<?xml version="1.0" encoding="UTF-8"?>
<testng-results skipped="0" failed="0" ignored="0" total="6" passed="6">
  <reporter-output>
  </reporter-output>
  <suite name="Regression Suite" duration-ms="56618" started-at="2021-03-17T23:52:43 EET" finished-at="2021-03-17T23:53:40 EET">
    <groups>
    </groups>
    <test name="Chrome Regression Test" duration-ms="48682" started-at="2021-03-17T23:52:43 EET" finished-at="2021-03-17T23:53:32 EET">
      <class name="tests.UserRegistrationParallelTesting">
        <test-method status="PASS" signature="setUp(java.lang.String, java.lang.String, java.lang.String)[pri:0, instance:tests.UserRegistrationParallelTesting@89178b4]" name="setUp" is-config="true" duration-ms="14062" started-at="2021-03-17T23:52:43 EET" finished-at="2021-03-17T23:52:57 EET">
          <params>
            <param index="0">
              <value>
                <![CDATA[Windows 10]]>
              </value>
            </param>
            <param index="1">
              <value>
                <![CDATA[chrome]]>
              </value>
            </param>
            <param index="2">
              <value>
                <![CDATA[89.0]]>
              </value>
            </param>
          </params>
          <reporter-output>
          </reporter-output>
        </test-method> <!-- setUp -->
        <test-method status="PASS" signature="UserCanRegisterSuccssfully()[pri:1, instance:tests.UserRegistrationParallelTesting@89178b4]" name="UserCanRegisterSuccssfully" duration-ms="18090" started-at="2021-03-17T23:52:57 EET" finished-at="2021-03-17T23:53:16 EET">
          <reporter-output>
          </reporter-output>
        </test-method> <!-- UserCanRegisterSuccssfully -->
        <test-method status="PASS" signature="RegisteredUserCanLogout()[pri:0, instance:tests.UserRegistrationParallelTesting@89178b4]" name="RegisteredUserCanLogout" duration-ms="2855" started-at="2021-03-17T23:53:16 EET" depends-on-methods="tests.UserRegistrationParallelTesting.UserCanRegisterSuccssfully" finished-at="2021-03-17T23:53:18 EET">
          <reporter-output>
          </reporter-output>
        </test-method> <!-- RegisteredUserCanLogout -->
        <test-method status="PASS" signature="RegisteredUserCanLogin()[pri:0, instance:tests.UserRegistrationParallelTesting@89178b4]" name="RegisteredUserCanLogin" duration-ms="12625" started-at="2021-03-17T23:53:18 EET" depends-on-methods="tests.UserRegistrationParallelTesting.RegisteredUserCanLogout" finished-at="2021-03-17T23:53:31 EET">
          <reporter-output>
          </reporter-output>
        </test-method> <!-- RegisteredUserCanLogin -->
        <test-method status="PASS" signature="stopDriver()[pri:0, instance:tests.UserRegistrationParallelTesting@89178b4]" name="stopDriver" is-config="true" duration-ms="959" started-at="2021-03-17T23:53:31 EET" finished-at="2021-03-17T23:53:32 EET">
          <reporter-output>
          </reporter-output>
        </test-method> <!-- stopDriver -->
      </class> <!-- tests.UserRegistrationParallelTesting -->
    </test> <!-- Chrome Regression Test -->
    <test name="Firefox Regression Test" duration-ms="56617" started-at="2021-03-17T23:52:43 EET" finished-at="2021-03-17T23:53:40 EET">
      <class name="tests.UserRegistrationParallelTesting">
        <test-method status="PASS" signature="setUp(java.lang.String, java.lang.String, java.lang.String)[pri:0, instance:tests.UserRegistrationParallelTesting@4a9b3bf5]" name="setUp" is-config="true" duration-ms="25429" started-at="2021-03-17T23:52:43 EET" finished-at="2021-03-17T23:53:09 EET">
          <params>
            <param index="0">
              <value>
                <![CDATA[Windows 10]]>
              </value>
            </param>
            <param index="1">
              <value>
                <![CDATA[firefox]]>
              </value>
            </param>
            <param index="2">
              <value>
                <![CDATA[86.0]]>
              </value>
            </param>
          </params>
          <reporter-output>
          </reporter-output>
        </test-method> <!-- setUp -->
        <test-method status="PASS" signature="UserCanRegisterSuccssfully()[pri:1, instance:tests.UserRegistrationParallelTesting@4a9b3bf5]" name="UserCanRegisterSuccssfully" duration-ms="21325" started-at="2021-03-17T23:53:09 EET" finished-at="2021-03-17T23:53:30 EET">
          <reporter-output>
          </reporter-output>
        </test-method> <!-- UserCanRegisterSuccssfully -->
        <test-method status="PASS" signature="RegisteredUserCanLogout()[pri:0, instance:tests.UserRegistrationParallelTesting@4a9b3bf5]" name="RegisteredUserCanLogout" duration-ms="2257" started-at="2021-03-17T23:53:30 EET" depends-on-methods="tests.UserRegistrationParallelTesting.UserCanRegisterSuccssfully" finished-at="2021-03-17T23:53:32 EET">
          <reporter-output>
          </reporter-output>
        </test-method> <!-- RegisteredUserCanLogout -->
        <test-method status="PASS" signature="RegisteredUserCanLogin()[pri:0, instance:tests.UserRegistrationParallelTesting@4a9b3bf5]" name="RegisteredUserCanLogin" duration-ms="7207" started-at="2021-03-17T23:53:32 EET" depends-on-methods="tests.UserRegistrationParallelTesting.RegisteredUserCanLogout" finished-at="2021-03-17T23:53:40 EET">
          <reporter-output>
          </reporter-output>
        </test-method> <!-- RegisteredUserCanLogin -->
        <test-method status="PASS" signature="stopDriver()[pri:0, instance:tests.UserRegistrationParallelTesting@4a9b3bf5]" name="stopDriver" is-config="true" duration-ms="350" started-at="2021-03-17T23:53:40 EET" finished-at="2021-03-17T23:53:40 EET">
          <reporter-output>
          </reporter-output>
        </test-method> <!-- stopDriver -->
      </class> <!-- tests.UserRegistrationParallelTesting -->
    </test> <!-- Firefox Regression Test -->
  </suite> <!-- Regression Suite -->
</testng-results>
